<?xml version="1.0" encoding="utf-8"?><testsuites name="pytest tests"><testsuite name="pytest" errors="0" failures="0" skipped="0" tests="65" time="90.242" timestamp="2026-08-17T18:29:48.169842+00:00" hostname="agent-env-6b46c9c4-4888-423c-b015-22129a939751"><testcase classname="tests.test_venege_api.TestAuthLoginFix" name="test_login_all_exact_usernames" time="2.455" /><testcase classname="tests.test_export_endpoint.TestExportEndpoint" name="test_export_requires_auth" time="0.401" /><testcase classname="tests.test_venege_api.TestAuthLoginFix" name="test_invalid_password_returns_exact_spanish_message" time="0.443" /><testcase classname="tests.test_venege_api.TestAuthLoginFix" name="test_invalid_username_returns_same_message" time="0.226" /><testcase classname="tests.test_venege_api.TestAuthLoginFix" name="test_stale_accounts_removed[roilan]" time="0.061" /><testcase classname="tests.test_export_endpoint.TestExportEndpoint" name="test_export_shape_and_columns[Gerencia venege]" time="3.183" /><testcase classname="tests.test_venege_api.TestAuthLoginFix" name="test_stale_accounts_removed[adriana]" time="0.068" /><testcase classname="tests.test_venege_api.TestAuthLoginFix" name="test_stale_accounts_removed[gerencia]" time="0.260" /><testcase classname="tests.test_venege_api.TestAuthLoginFix" name="test_stale_accounts_removed[Admon]" time="0.101" /><testcase classname="tests.test_export_endpoint.TestExportEndpoint" name="test_export_shape_and_columns[Roilan Narv\xe1ez]" time="0.286" /><testcase classname="tests.test_venege_api.TestAuthLoginFix" name="test_stale_accounts_removed[Ventasccs]" time="0.064" /><testcase classname="tests.test_venege_api.TestAuthLoginFix" name="test_stale_accounts_removed[andrea.casanova]" time="0.076" /><testcase classname="tests.test_venege_api.TestAuthLoginFix" name="test_stale_accounts_removed[andrea.manrique]" time="0.066" /><testcase classname="tests.test_venege_api.TestAuthLoginFix" name="test_stale_accounts_removed[mariateresa]" time="0.060" /><testcase classname="tests.test_export_endpoint.TestExportEndpoint" name="test_export_shape_and_columns[Adriana Martinez]" time="0.186" /><testcase classname="tests.test_venege_api.TestAuthLoginFix" name="test_case_sensitive_username" time="0.062" /><testcase classname="tests.test_venege_api.TestAuthLoginFix" name="test_accent_sensitive_username" time="0.078" /><testcase classname="tests.test_export_endpoint.TestExportEndpoint" name="test_export_shape_and_columns[Andrea Casanova]" time="0.380" /><testcase classname="tests.test_export_endpoint.TestExportEndpoint" name="test_export_shape_and_columns[Andrea Manrique]" time="0.262" /><testcase classname="tests.test_export_endpoint.TestExportEndpoint" name="test_export_shape_and_columns[Maria Teresa]" time="0.248" /><testcase classname="tests.test_export_endpoint.TestExportEndpoint" name="test_export_roilan_caracas_tires_only" time="0.297" /><testcase classname="tests.test_export_endpoint.TestExportEndpoint" name="test_export_manrique_oriente_sur_only" time="0.288" /><testcase classname="tests.test_export_endpoint.TestExportEndpoint" name="test_export_master_no_costs_ever" time="0.428" /><testcase classname="tests.test_venege_api.TestAuthLoginFix" name="test_me_returns_name_and_role_label" time="2.699" /><testcase classname="tests.test_export_endpoint.TestExportEndpoint" name="test_export_filter_by_marca" time="0.318" /><testcase classname="tests.test_export_endpoint.TestExportEndpoint" name="test_export_filter_by_rin" time="0.350" /><testcase classname="tests.test_export_endpoint.TestExportEndpoint" name="test_export_filter_combined" time="0.653" /><testcase classname="tests.test_venege_api.TestAuthLoginFix" name="test_me_requires_bearer" time="0.161" /><testcase classname="tests.test_venege_api.TestRoleBasedPriceColumns" name="test_authorized_columns_only[Gerencia venege]" time="1.138" /><testcase classname="tests.test_export_endpoint.TestExportEndpoint" name="test_export_never_returns_costs_any_role" time="1.269" /><testcase classname="tests.test_venege_api.TestRoleBasedPriceColumns" name="test_authorized_columns_only[Roilan Narv\xe1ez]" time="1.085" /><testcase classname="tests.test_export_endpoint.TestExportEndpoint" name="test_export_unknown_marca_returns_empty" time="0.136" /><testcase classname="tests.test_venege_api.TestAdminProtection" name="test_seller_roles_admin_forbidden[Roilan Narv\xe1ez]" time="0.486" /><testcase classname="tests.test_venege_api.TestRoleBasedPriceColumns" name="test_authorized_columns_only[Adriana Martinez]" time="1.156" /><testcase classname="tests.test_venege_api.TestAdminProtection" name="test_seller_roles_admin_forbidden[Adriana Martinez]" time="0.429" /><testcase classname="tests.test_venege_api.TestAdminProtection" name="test_seller_roles_admin_forbidden[Andrea Casanova]" time="0.488" /><testcase classname="tests.test_venege_api.TestAdminProtection" name="test_seller_roles_admin_forbidden[Andrea Manrique]" time="0.477" /><testcase classname="tests.test_venege_api.TestRoleBasedPriceColumns" name="test_authorized_columns_only[Andrea Casanova]" time="1.161" /><testcase classname="tests.test_venege_api.TestAdminProtection" name="test_seller_roles_admin_forbidden[Maria Teresa]" time="0.487" /><testcase classname="tests.test_venege_api.TestAdminProtection" name="test_master_dashboard_ok" time="0.131" /><testcase classname="tests.test_venege_api.TestAdminProtection" name="test_master_dashboard_live_zoho_unchanged" time="0.122" /><testcase classname="tests.test_venege_api.TestAdminProtection" name="test_master_sync_live" time="6.751" /><testcase classname="tests.test_venege_api.TestRoleBasedPriceColumns" name="test_authorized_columns_only[Andrea Manrique]" time="1.091" /><testcase classname="tests.test_venege_api.TestRoleBasedPriceColumns" name="test_authorized_columns_only[Maria Teresa]" time="1.247" /><testcase classname="tests.test_venege_api.TestRoleBasedPriceColumns" name="test_bf_goodrich_present_for_every_role" time="69.131" /><testcase classname="tests.test_venege_api.TestRefresh" name="test_refresh_all_roles[Gerencia venege]" time="0.236" /><testcase classname="tests.test_venege_api.TestRefresh" name="test_refresh_all_roles[Roilan Narv\xe1ez]" time="0.144" /><testcase classname="tests.test_venege_api.TestRefresh" name="test_refresh_all_roles[Adriana Martinez]" time="0.195" /><testcase classname="tests.test_venege_api.TestRefresh" name="test_refresh_all_roles[Andrea Casanova]" time="0.142" /><testcase classname="tests.test_venege_api.TestRefresh" name="test_refresh_all_roles[Andrea Manrique]" time="36.080" /><testcase classname="tests.test_venege_api.TestRefresh" name="test_refresh_all_roles[Maria Teresa]" time="0.228" /><testcase classname="tests.test_venege_api.TestStatus" name="test_status_for_any_user" time="14.924" /><testcase classname="tests.test_venege_api.TestStatus" name="test_status_no_token" time="0.128" /><testcase classname="tests.test_venege_api.TestFacetsAndSearch" name="test_facets_real_rin_and_marca" time="0.150" /><testcase classname="tests.test_venege_api.TestFacetsAndSearch" name="test_search_never_returns_prices" time="0.125" /><testcase classname="tests.test_venege_api.TestHistory" name="test_history_capped_at_5" time="12.716" /><testcase classname="tests.test_venege_api.TestRoleBasedPriceColumns" name="test_master_never_sees_costs" time="1.807" /><testcase classname="tests.test_venege_api.TestHistory" name="test_history_isolated_between_users" time="0.432" /><testcase classname="tests.test_venege_api.TestFavorites" name="test_add_dedupe_delete" time="0.860" /><testcase classname="tests.test_venege_api.TestRoleBasedPriceColumns" name="test_tampering_url_never_leaks_unauthorized" time="1.478" /><testcase classname="tests.test_venege_api.TestRoleBasedPriceColumns" name="test_roilan_no_panofre" time="1.133" /><testcase classname="tests.test_venege_api.TestRoleBasedPriceColumns" name="test_adriana_no_tirescenter" time="1.154" /><testcase classname="tests.test_venege_api.TestRoleBasedPriceColumns" name="test_column_letters_match" time="0.357" /><testcase classname="tests.test_venege_api.TestRoleBasedPriceColumns" name="test_prices_2_decimals" time="0.931" /><testcase classname="tests.test_venege_api.TestRoleBasedPriceColumns" name="test_unknown_sku_404" time="0.140" /></testsuite></testsuites>