<?xml version="1.0" encoding="utf-8"?><testsuites name="pytest tests"><testsuite name="pytest" errors="0" failures="0" skipped="0" tests="51" time="23.494" timestamp="2026-08-14T18:47:59.679625+00:00" hostname="agent-env-6b46c9c4-4888-423c-b015-22129a939751"><testcase classname="tests.test_venege_api.TestAuthEnforcement" name="test_no_token_returns_401[/api/products/search?q=bridgestone-GET]" time="0.160" /><testcase classname="tests.test_venege_api.TestAuthEnforcement" name="test_no_token_returns_401[/api/products/facets-GET]" time="0.245" /><testcase classname="tests.test_venege_api.TestAuthEnforcement" name="test_no_token_returns_401[/api/history-GET]" time="0.291" /><testcase classname="tests.test_venege_api.TestAuthEnforcement" name="test_no_token_returns_401[/api/history-POST]" time="1.652" /><testcase classname="tests.test_venege_api.TestAuthEnforcement" name="test_no_token_returns_401[/api/favorites-GET]" time="0.226" /><testcase classname="tests.test_venege_api.TestAuthEnforcement" name="test_no_token_returns_401[/api/favorites-POST]" time="0.293" /><testcase classname="tests.test_venege_api.TestAuthEnforcement" name="test_no_token_returns_401[/api/favorites/ABC-DELETE]" time="0.295" /><testcase classname="tests.test_venege_api.TestAuthEnforcement" name="test_no_token_returns_401[/api/refresh-POST]" time="0.294" /><testcase classname="tests.test_venege_api.TestAuthEnforcement" name="test_no_token_returns_401[/api/admin/dashboard-GET]" time="0.152" /><testcase classname="tests.test_venege_api.TestRoleBasedPriceColumns" name="test_authorized_columns_only[caracas]" time="4.616" /><testcase classname="tests.test_venege_api.TestAuthEnforcement" name="test_no_token_returns_401[/api/admin/sync-POST]" time="0.169" /><testcase classname="tests.test_venege_api.TestAuthEnforcement" name="test_no_token_returns_401[/api/admin/products-GET]" time="0.143" /><testcase classname="tests.test_venege_api.TestRoleBasedPriceColumns" name="test_authorized_columns_only[oriente_sur]" time="1.511" /><testcase classname="tests.test_venege_api.TestAdminProtection" name="test_non_master_admin_forbidden[caracas]" time="2.273" /><testcase classname="tests.test_venege_api.TestRoleBasedPriceColumns" name="test_authorized_columns_only[oriente_norte]" time="0.829" /><testcase classname="tests.test_venege_api.TestAdminProtection" name="test_non_master_admin_forbidden[oriente_sur]" time="0.425" /><testcase classname="tests.test_venege_api.TestAdminProtection" name="test_non_master_admin_forbidden[oriente_norte]" time="0.391" /><testcase classname="tests.test_venege_api.TestRoleBasedPriceColumns" name="test_authorized_columns_only[panofre]" time="0.782" /><testcase classname="tests.test_venege_api.TestAdminProtection" name="test_non_master_admin_forbidden[panofre]" time="0.402" /><testcase classname="tests.test_venege_api.TestAdminProtection" name="test_non_master_admin_forbidden[tires_center]" time="0.421" /><testcase classname="tests.test_venege_api.TestRoleBasedPriceColumns" name="test_authorized_columns_only[tires_center]" time="0.798" /><testcase classname="tests.test_venege_api.TestAdminProtection" name="test_master_dashboard" time="0.145" /><testcase classname="tests.test_venege_api.TestAdminProtection" name="test_master_sync_live_zoho" time="5.410" /><testcase classname="tests.test_venege_api.TestRoleBasedPriceColumns" name="test_authorized_columns_only[master]" time="0.866" /><testcase classname="tests.test_venege_api.TestRoleBasedPriceColumns" name="test_tires_center_never_gets_otros" time="0.772" /><testcase classname="tests.test_venege_api.TestRoleBasedPriceColumns" name="test_column_letters_match_expected" time="0.286" /><testcase classname="tests.test_venege_api.TestRoleBasedPriceColumns" name="test_prices_rounded_to_2_decimals" time="0.598" /><testcase classname="tests.test_venege_api.TestRoleBasedPriceColumns" name="test_null_prices_present" time="11.211" /><testcase classname="tests.test_venege_api.TestAdminProtection" name="test_master_products_list" time="0.266" /><testcase classname="tests.test_venege_api.TestAdminProtection" name="test_live_dataset_is_real_not_mock" time="0.286" /><testcase classname="tests.test_venege_api.TestAdminProtection" name="test_search_firestone_returns_real_hits" time="0.145" /><testcase classname="tests.test_venege_api.TestSearch" name="test_search_never_returns_prices" time="0.158" /><testcase classname="tests.test_venege_api.TestSearch" name="test_search_case_accent_insensitive" time="0.240" /><testcase classname="tests.test_venege_api.TestSearch" name="test_filter_by_rin" time="0.151" /><testcase classname="tests.test_venege_api.TestSearch" name="test_filter_by_marca_case_insensitive" time="0.262" /><testcase classname="tests.test_venege_api.TestSearch" name="test_combined_q_rin_marca" time="0.348" /><testcase classname="tests.test_venege_api.TestAuth" name="test_login_all_roles" time="1.820" /><testcase classname="tests.test_venege_api.TestAuth" name="test_login_wrong_password_spanish" time="0.293" /><testcase classname="tests.test_venege_api.TestAuth" name="test_me_requires_bearer" time="0.192" /><testcase classname="tests.test_venege_api.TestAuth" name="test_me_with_token" time="0.168" /><testcase classname="tests.test_venege_api.TestHistory" name="test_history_isolated_and_dedupe" time="0.640" /><testcase classname="tests.test_venege_api.TestHistory" name="test_history_capped_at_6" time="1.411" /><testcase classname="tests.test_venege_api.TestFacets" name="test_facets_returns_sorted_distinct" time="0.114" /><testcase classname="tests.test_venege_api.TestFavorites" name="test_favorites_add_list_delete_isolation" time="1.077" /><testcase classname="tests.test_venege_api.TestRoleBasedPriceColumns" name="test_unknown_sku_404" time="0.106" /><testcase classname="tests.test_venege_api.TestRefresh" name="test_refresh_all_roles[master]" time="0.110" /><testcase classname="tests.test_venege_api.TestRefresh" name="test_refresh_all_roles[caracas]" time="0.115" /><testcase classname="tests.test_venege_api.TestRefresh" name="test_refresh_all_roles[oriente_sur]" time="0.108" /><testcase classname="tests.test_venege_api.TestRefresh" name="test_refresh_all_roles[oriente_norte]" time="0.160" /><testcase classname="tests.test_venege_api.TestRefresh" name="test_refresh_all_roles[panofre]" time="0.131" /><testcase classname="tests.test_venege_api.TestRefresh" name="test_refresh_all_roles[tires_center]" time="0.125" /></testsuite></testsuites>